<?xml version="1.0" encoding="UTF-8"?>
<!-- Generated by org.testng.reporters.JUnitXMLReporter -->
<testsuite hostname="sis-PC" name="GroupRun" tests="7" failures="0" timestamp="7 Jun 2020 07:33:15 GMT" time="0.154" errors="0">
  <testcase name="meth1" time="0.04" classname="com.hrms.testscripts.TC_5130"/>
  <testcase name="meth2" time="0.01" classname="com.hrms.testscripts.TC_5130"/>
  <testcase name="meth3" time="0.003" classname="com.hrms.testscripts.TC_5130"/>
  <testcase name="meth4" time="0.004" classname="com.hrms.testscripts.TC_5130"/>
  <testcase name="meth1" time="0.004" classname="com.hrms.testscripts.TC_5131"/>
  <testcase name="meth2" time="0.031" classname="com.hrms.testscripts.TC_5131"/>
  <testcase name="meth3" time="0.002" classname="com.hrms.testscripts.TC_5131"/>
</testsuite> <!-- GroupRun -->
